<?xml version="1.0" encoding="UTF-8"?>
<testng-results ignored="0" total="1" passed="1" failed="0" skipped="0">
  <reporter-output>
  </reporter-output>
  <suite started-at="2023-09-05T22:29:01 CEST" name="mysuite" finished-at="2023-09-05T22:29:08 CEST" duration-ms="6994">
    <groups>
      <group name="sanity">
        <method signature="TC_002_LoginTest.test_Login()[pri:0, instance:testCases.TC_002_LoginTest@7adda9cc]" name="test_Login" class="testCases.TC_002_LoginTest"/>
      </group> <!-- sanity -->
      <group name="master">
        <method signature="TC_002_LoginTest.test_Login()[pri:0, instance:testCases.TC_002_LoginTest@7adda9cc]" name="test_Login" class="testCases.TC_002_LoginTest"/>
      </group> <!-- master -->
    </groups>
    <test started-at="2023-09-05T22:29:01 CEST" name="mytest" finished-at="2023-09-05T22:29:08 CEST" duration-ms="6994">
      <class name="testCases.TC_002_LoginTest">
        <test-method is-config="true" signature="setUp(java.lang.String)[pri:0, instance:testCases.TC_002_LoginTest@7adda9cc]" started-at="2023-09-05T22:29:02 CEST" name="setUp" finished-at="2023-09-05T22:29:07 CEST" duration-ms="5144" status="PASS">
          <params>
            <param index="0">
              <value>
                <![CDATA[chrome]]>
              </value>
            </param>
          </params>
          <reporter-output>
          </reporter-output>
        </test-method> <!-- setUp -->
        <test-method signature="test_Login()[pri:0, instance:testCases.TC_002_LoginTest@7adda9cc]" started-at="2023-09-05T22:29:07 CEST" name="test_Login" finished-at="2023-09-05T22:29:08 CEST" duration-ms="1610" status="PASS">
          <reporter-output>
          </reporter-output>
        </test-method> <!-- test_Login -->
        <test-method is-config="true" signature="tearDown()[pri:0, instance:testCases.TC_002_LoginTest@7adda9cc]" started-at="2023-09-05T22:29:08 CEST" name="tearDown" finished-at="2023-09-05T22:29:08 CEST" duration-ms="113" status="PASS">
          <reporter-output>
          </reporter-output>
        </test-method> <!-- tearDown -->
      </class> <!-- testCases.TC_002_LoginTest -->
    </test> <!-- mytest -->
  </suite> <!-- mysuite -->
</testng-results>
